{"level":"info","message":"----------------------------------------","timestamp":"2017-05-15T12:25:27.973Z"}
{"level":"info","message":"dotenv module test:","timestamp":"2017-05-15T12:25:27.975Z"}
{"level":"info","message":"the 'TEST' environment variable is currently: test","timestamp":"2017-05-15T12:25:27.976Z"}
{"level":"info","message":"dotenv module is working","timestamp":"2017-05-15T12:25:27.976Z"}
{"level":"info","message":"----------------------------------------","timestamp":"2017-05-15T12:25:27.977Z"}
{"level":"info","message":"Executing (default): SELECT 1+1 AS result","timestamp":"2017-05-15T12:25:31.991Z"}
{"level":"info","message":"scheduleSystem server in operation... (http://localhost:9007)","timestamp":"2017-05-15T12:25:32.052Z"}
{"level":"info","message":"----------------------------------------","timestamp":"2017-05-15T12:30:33.308Z"}
{"level":"info","message":"dotenv module test:","timestamp":"2017-05-15T12:30:33.308Z"}
{"level":"info","message":"the 'TEST' environment variable is currently: test","timestamp":"2017-05-15T12:30:33.308Z"}
{"level":"info","message":"dotenv module is working","timestamp":"2017-05-15T12:30:33.308Z"}
{"level":"info","message":"----------------------------------------","timestamp":"2017-05-15T12:30:33.308Z"}
{"level":"info","message":"Executing (default): SELECT 1+1 AS result","timestamp":"2017-05-15T12:30:33.842Z"}
{"level":"info","message":"scheduleSystem server in operation... (http://localhost:9007)","timestamp":"2017-05-15T12:30:33.880Z"}
{"level":"info","message":"----------------------------------------","timestamp":"2017-05-15T12:30:53.884Z"}
{"level":"info","message":"dotenv module test:","timestamp":"2017-05-15T12:30:53.900Z"}
{"level":"info","message":"the 'TEST' environment variable is currently: test","timestamp":"2017-05-15T12:30:53.900Z"}
{"level":"info","message":"dotenv module is working","timestamp":"2017-05-15T12:30:53.900Z"}
{"level":"info","message":"----------------------------------------","timestamp":"2017-05-15T12:30:53.900Z"}
{"level":"info","message":"Executing (default): SELECT 1+1 AS result","timestamp":"2017-05-15T12:30:54.410Z"}
{"level":"info","message":"scheduleSystem server in operation... (http://localhost:9007)","timestamp":"2017-05-15T12:30:54.462Z"}
{"level":"info","message":"----------------------------------------","timestamp":"2017-05-15T12:31:26.227Z"}
{"level":"info","message":"dotenv module test:","timestamp":"2017-05-15T12:31:26.227Z"}
{"level":"info","message":"the 'TEST' environment variable is currently: test","timestamp":"2017-05-15T12:31:26.227Z"}
{"level":"info","message":"dotenv module is working","timestamp":"2017-05-15T12:31:26.227Z"}
{"level":"info","message":"----------------------------------------","timestamp":"2017-05-15T12:31:26.227Z"}
{"level":"info","message":"Executing (default): SELECT 1+1 AS result","timestamp":"2017-05-15T12:31:26.816Z"}
{"level":"info","message":"scheduleSystem server in operation... (http://localhost:9007)","timestamp":"2017-05-15T12:31:26.867Z"}
